<?xml version="1.0" encoding="UTF-8"?>
<coverage generated="1682485846126" clover="3.2.0">
  <project timestamp="1682485846127" name="All files">
    <metrics statements="9" coveredstatements="8" conditionals="2" coveredconditionals="1" methods="4" coveredmethods="4" elements="15" coveredelements="13" complexity="0" loc="9" ncloc="9" packages="1" files="2" classes="2"/>
    <file name="uniqueArray.js" path="C:\Users\owner\Desktop\KDC\KDC_jsTest\frontend\src\utils\uniqueArray.js">
      <metrics statements="2" coveredstatements="2" conditionals="0" coveredconditionals="0" methods="1" coveredmethods="1"/>
      <line num="2" count="2" type="stmt"/>
      <line num="3" count="2" type="stmt"/>
    </file>
    <file name="validator.js" path="C:\Users\owner\Desktop\KDC\KDC_jsTest\frontend\src\utils\validator.js">
      <metrics statements="7" coveredstatements="6" conditionals="2" coveredconditionals="1" methods="3" coveredmethods="3"/>
      <line num="3" count="1" type="stmt"/>
      <line num="4" count="1" type="cond" truecount="1" falsecount="1"/>
      <line num="5" count="1" type="stmt"/>
      <line num="7" count="0" type="stmt"/>
      <line num="11" count="1" type="stmt"/>
      <line num="13" count="3" type="stmt"/>
      <line num="17" count="1" type="stmt"/>
    </file>
  </project>
</coverage>
